Build started 6/11/2014 5:08:19 p.m..
     1>Project "F:\Work\Space Invaders - Copy\Space Invaders\Space Invaders.vcxproj" on node 2 (build target(s)).
       Project file contains ToolsVersion="11.0". This toolset may be unknown or missing, in which case you may be able to resolve this by installing the appropriate version of MSBuild, or the build may have been forced to a particular ToolsVersion for policy reasons. Treating the project as if it had ToolsVersion="4.0". For more information, please see http://go.microsoft.com/fwlink/?LinkId=291333.
     1>InitializeBuildStatus:
         Creating "Debug\Space Invaders.unsuccessfulbuild" because "AlwaysCreate" was specified.
       ClCompile:
         C:\Program Files (x86)\Microsoft Visual Studio 10.0\VC\bin\CL.exe /c /ZI /nologo /W3 /WX- /Od /Oy- /D WIN32 /D _DEBUG /D _WINDOWS /D _UNICODE /D UNICODE /Gm /EHsc /RTC1 /MDd /GS /fp:precise /Zc:wchar_t /Zc:forScope /Fo"Debug\\" /Fd"Debug\vc100.pdb" /Gd /TP /analyze- /errorReport:prompt level.cpp
         level.cpp
       ResourceCompile:
         All outputs are up-to-date.
       ManifestResourceCompile:
         All outputs are up-to-date.
       Link:
         C:\Program Files (x86)\Microsoft Visual Studio 10.0\VC\bin\link.exe /ERRORREPORT:PROMPT /OUT:"F:\Work\Space Invaders - Copy\Debug\Space Invaders.exe" /INCREMENTAL /NOLOGO winmm.lib kernel32.lib user32.lib gdi32.lib winspool.lib comdlg32.lib advapi32.lib shell32.lib ole32.lib oleaut32.lib uuid.lib odbc32.lib odbccp32.lib /MANIFEST /ManifestFile:"Debug\Space Invaders.exe.intermediate.manifest" /MANIFESTUAC:"level='asInvoker' uiAccess='false'" /DEBUG /PDB:"F:\Work\Space Invaders - Copy\Debug\Space Invaders.pdb" /SUBSYSTEM:WINDOWS /TLBID:1 /DYNAMICBASE /NXCOMPAT /IMPLIB:"F:\Work\Space Invaders - Copy\Debug\Space Invaders.lib" /MACHINE:X86 Debug\Framework.res
         "Debug\Space Invaders.exe.embed.manifest.res"
         Debug\backbuffer.obj
         Debug\clock.obj
         Debug\entity.obj
         Debug\game.obj
         Debug\invader.obj
         Debug\invader_bot.obj
         Debug\invader_mid.obj
         Debug\invader_top.obj
         Debug\level.obj
         Debug\main.obj
         Debug\player.obj
         Debug\sprite.obj
       Manifest:
         C:\Program Files (x86)\Microsoft SDKs\Windows\v7.0A\bin\mt.exe /nologo /verbose /out:"Debug\Space Invaders.exe.embed.manifest" /manifest "Debug\Space Invaders.exe.intermediate.manifest"
         All outputs are up-to-date.
       LinkEmbedManifest:
         All outputs are up-to-date.
         Space Invaders.vcxproj -> F:\Work\Space Invaders - Copy\Debug\Space Invaders.exe
       FinalizeBuildStatus:
         Deleting file "Debug\Space Invaders.unsuccessfulbuild".
         Touching "Debug\Space Invaders.lastbuildstate".
     1>Done Building Project "F:\Work\Space Invaders - Copy\Space Invaders\Space Invaders.vcxproj" (build target(s)).

Build succeeded.

Time Elapsed 00:00:05.01
